<?xml version="1.0" encoding="UTF-8"?>
<!-- Generated by org.testng.reporters.JUnitReportReporter -->
<testsuite skipped="0" hostname="KHIMA" name="com.prokarma.sample_Test.SampleTestNgTest" tests="1" failures="0" timestamp="29 Aug 2018 06:13:25 GMT" time="0.025" errors="0">
  <testcase name="test" time="0.025" classname="com.prokarma.sample_Test.SampleTestNgTest"/>
</testsuite> <!-- com.prokarma.sample_Test.SampleTestNgTest -->
